    Finished `dev` profile [unoptimized + debuginfo] target(s) in 0.13s
     Running `target/debug/network-control-server`
aggregation config loaded in 420.13µs
nodes config loaded in 489.06µs
startup complete in 112.85ms
metrics ready, starting server on 0.0.0.0:10101
response status: 200 OK
incoming request: GET /
headers:
  accept: */*
  accept-encoding: gzip, deflate
  connection: keep-alive
  host: localhost:10101
  user-agent: python-requests/2.32.5
body: <empty>
end request
epoch switch detected: cleared in-memory store for epoch 0
response status: 200 OK
incoming request: POST /
headers:
  accept: */*
  accept-encoding: gzip, deflate
  connection: keep-alive
  content-length: 74167
  content-type: application/json
  host: localhost:10101
  user-agent: python-requests/2.32.5
body: <redacted>
end request
response status: 200 OK
incoming request: POST /
headers:
  accept: */*
  accept-encoding: gzip, deflate
  connection: keep-alive
  content-length: 74154
  content-type: application/json
  host: localhost:10101
  user-agent: python-requests/2.32.5
body: <redacted>
end request
response status: 200 OK
incoming request: POST /
headers:
  accept: */*
  accept-encoding: gzip, deflate
  connection: keep-alive
  content-length: 74108
  content-type: application/json
  host: localhost:10101
  user-agent: python-requests/2.32.5
body: <redacted>
end request
response status: 200 OK
incoming request: POST /
headers:
  accept: */*
  accept-encoding: gzip, deflate
  connection: keep-alive
  content-length: 74157
  content-type: application/json
  host: localhost:10101
  user-agent: python-requests/2.32.5
body: <redacted>
end request
response status: 200 OK
incoming request: POST /
headers:
  accept: */*
  accept-encoding: gzip, deflate
  connection: keep-alive
  content-length: 74146
  content-type: application/json
  host: localhost:10101
  user-agent: python-requests/2.32.5
body: <redacted>
end request
response status: 200 OK
incoming request: POST /
headers:
  accept: */*
  accept-encoding: gzip, deflate
  connection: keep-alive
  content-length: 74118
  content-type: application/json
  host: localhost:10101
  user-agent: python-requests/2.32.5
body: <redacted>
end request
response status: 200 OK
incoming request: POST /
headers:
  accept: */*
  accept-encoding: gzip, deflate
  connection: keep-alive
  content-length: 74079
  content-type: application/json
  host: localhost:10101
  user-agent: python-requests/2.32.5
body: <redacted>
end request
response status: 200 OK
incoming request: POST /
headers:
  accept: */*
  accept-encoding: gzip, deflate
  connection: keep-alive
  content-length: 74090
  content-type: application/json
  host: localhost:10101
  user-agent: python-requests/2.32.5
body: <redacted>
end request
response status: 200 OK
incoming request: POST /
headers:
  accept: */*
  accept-encoding: gzip, deflate
  connection: keep-alive
  content-length: 74085
  content-type: application/json
  host: localhost:10101
  user-agent: python-requests/2.32.5
body: <redacted>
end request
response status: 200 OK
incoming request: POST /
headers:
  accept: */*
  accept-encoding: gzip, deflate
  connection: keep-alive
  content-length: 74156
  content-type: application/json
  host: localhost:10101
  user-agent: python-requests/2.32.5
body: <redacted>
end request
response status: 200 OK
incoming request: POST /
headers:
  accept: */*
  accept-encoding: gzip, deflate
  connection: keep-alive
  content-length: 74143
  content-type: application/json
  host: localhost:10101
  user-agent: python-requests/2.32.5
body: <redacted>
end request
response status: 200 OK
incoming request: POST /
headers:
  accept: */*
  accept-encoding: gzip, deflate
  connection: keep-alive
  content-length: 74103
  content-type: application/json
  host: localhost:10101
  user-agent: python-requests/2.32.5
body: <redacted>
end request
response status: 200 OK
incoming request: POST /
headers:
  accept: */*
  accept-encoding: gzip, deflate
  connection: keep-alive
  content-length: 74076
  content-type: application/json
  host: localhost:10101
  user-agent: python-requests/2.32.5
body: <redacted>
end request
response status: 200 OK
incoming request: POST /
headers:
  accept: */*
  accept-encoding: gzip, deflate
  connection: keep-alive
  content-length: 74041
  content-type: application/json
  host: localhost:10101
  user-agent: python-requests/2.32.5
body: <redacted>
end request
response status: 200 OK
incoming request: POST /
headers:
  accept: */*
  accept-encoding: gzip, deflate
  connection: keep-alive
  content-length: 74069
  content-type: application/json
  host: localhost:10101
  user-agent: python-requests/2.32.5
body: <redacted>
end request
response status: 200 OK
incoming request: POST /
headers:
  accept: */*
  accept-encoding: gzip, deflate
  connection: keep-alive
  content-length: 74123
  content-type: application/json
  host: localhost:10101
  user-agent: python-requests/2.32.5
body: <redacted>
end request
response status: 200 OK
incoming request: POST /
headers:
  accept: */*
  accept-encoding: gzip, deflate
  connection: keep-alive
  content-length: 74079
  content-type: application/json
  host: localhost:10101
  user-agent: python-requests/2.32.5
body: <redacted>
end request
response status: 200 OK
incoming request: POST /
headers:
  accept: */*
  accept-encoding: gzip, deflate
  connection: keep-alive
  content-length: 74070
  content-type: application/json
  host: localhost:10101
  user-agent: python-requests/2.32.5
body: <redacted>
end request
response status: 200 OK
incoming request: POST /
headers:
  accept: */*
  accept-encoding: gzip, deflate
  connection: keep-alive
  content-length: 74075
  content-type: application/json
  host: localhost:10101
  user-agent: python-requests/2.32.5
body: <redacted>
end request
response status: 200 OK
incoming request: POST /
headers:
  accept: */*
  accept-encoding: gzip, deflate
  connection: keep-alive
  content-length: 74133
  content-type: application/json
  host: localhost:10101
  user-agent: python-requests/2.32.5
body: <redacted>
end request
response status: 200 OK
incoming request: POST /
headers:
  accept: */*
  accept-encoding: gzip, deflate
  connection: keep-alive
  content-length: 74113
  content-type: application/json
  host: localhost:10101
  user-agent: python-requests/2.32.5
body: <redacted>
end request
response status: 200 OK
incoming request: POST /
headers:
  accept: */*
  accept-encoding: gzip, deflate
  connection: keep-alive
  content-length: 74073
  content-type: application/json
  host: localhost:10101
  user-agent: python-requests/2.32.5
body: <redacted>
end request
response status: 200 OK
incoming request: POST /
headers:
  accept: */*
  accept-encoding: gzip, deflate
  connection: keep-alive
  content-length: 74140
  content-type: application/json
  host: localhost:10101
  user-agent: python-requests/2.32.5
body: <redacted>
end request
response status: 200 OK
incoming request: POST /
headers:
  accept: */*
  accept-encoding: gzip, deflate
  connection: keep-alive
  content-length: 74095
  content-type: application/json
  host: localhost:10101
  user-agent: python-requests/2.32.5
body: <redacted>
end request
response status: 200 OK
incoming request: POST /
headers:
  accept: */*
  accept-encoding: gzip, deflate
  connection: keep-alive
  content-length: 74078
  content-type: application/json
  host: localhost:10101
  user-agent: python-requests/2.32.5
body: <redacted>
end request
response status: 200 OK
incoming request: POST /
headers:
  accept: */*
  accept-encoding: gzip, deflate
  connection: keep-alive
  content-length: 74094
  content-type: application/json
  host: localhost:10101
  user-agent: python-requests/2.32.5
body: <redacted>
end request
response status: 200 OK
incoming request: POST /
headers:
  accept: */*
  accept-encoding: gzip, deflate
  connection: keep-alive
  content-length: 74077
  content-type: application/json
  host: localhost:10101
  user-agent: python-requests/2.32.5
body: <redacted>
end request
response status: 200 OK
incoming request: POST /
headers:
  accept: */*
  accept-encoding: gzip, deflate
  connection: keep-alive
  content-length: 74076
  content-type: application/json
  host: localhost:10101
  user-agent: python-requests/2.32.5
body: <redacted>
end request
response status: 200 OK
incoming request: POST /
headers:
  accept: */*
  accept-encoding: gzip, deflate
  connection: keep-alive
  content-length: 74123
  content-type: application/json
  host: localhost:10101
  user-agent: python-requests/2.32.5
body: <redacted>
end request
response status: 200 OK
incoming request: POST /
headers:
  accept: */*
  accept-encoding: gzip, deflate
  connection: keep-alive
  content-length: 74043
  content-type: application/json
  host: localhost:10101
  user-agent: python-requests/2.32.5
body: <redacted>
end request
response status: 200 OK
incoming request: POST /
headers:
  accept: */*
  accept-encoding: gzip, deflate
  connection: keep-alive
  content-length: 74070
  content-type: application/json
  host: localhost:10101
  user-agent: python-requests/2.32.5
body: <redacted>
end request
response status: 200 OK
incoming request: POST /
headers:
  accept: */*
  accept-encoding: gzip, deflate
  connection: keep-alive
  content-length: 74150
  content-type: application/json
  host: localhost:10101
  user-agent: python-requests/2.32.5
body: <redacted>
end request
response status: 200 OK
incoming request: POST /
headers:
  accept: */*
  accept-encoding: gzip, deflate
  connection: keep-alive
  content-length: 74123
  content-type: application/json
  host: localhost:10101
  user-agent: python-requests/2.32.5
body: <redacted>
end request
response status: 200 OK
incoming request: POST /
headers:
  accept: */*
  accept-encoding: gzip, deflate
  connection: keep-alive
  content-length: 74102
  content-type: application/json
  host: localhost:10101
  user-agent: python-requests/2.32.5
body: <redacted>
end request
response status: 200 OK
incoming request: POST /
headers:
  accept: */*
  accept-encoding: gzip, deflate
  connection: keep-alive
  content-length: 74045
  content-type: application/json
  host: localhost:10101
  user-agent: python-requests/2.32.5
body: <redacted>
end request
response status: 200 OK
incoming request: POST /
headers:
  accept: */*
  accept-encoding: gzip, deflate
  connection: keep-alive
  content-length: 74091
  content-type: application/json
  host: localhost:10101
  user-agent: python-requests/2.32.5
body: <redacted>
end request
response status: 200 OK
incoming request: POST /
headers:
  accept: */*
  accept-encoding: gzip, deflate
  connection: keep-alive
  content-length: 74101
  content-type: application/json
  host: localhost:10101
  user-agent: python-requests/2.32.5
body: <redacted>
end request
response status: 200 OK
incoming request: POST /
headers:
  accept: */*
  accept-encoding: gzip, deflate
  connection: keep-alive
  content-length: 74126
  content-type: application/json
  host: localhost:10101
  user-agent: python-requests/2.32.5
body: <redacted>
end request
response status: 200 OK
incoming request: POST /
headers:
  accept: */*
  accept-encoding: gzip, deflate
  connection: keep-alive
  content-length: 74126
  content-type: application/json
  host: localhost:10101
  user-agent: python-requests/2.32.5
body: <redacted>
end request
response status: 200 OK
incoming request: POST /
headers:
  accept: */*
  accept-encoding: gzip, deflate
  connection: keep-alive
  content-length: 74083
  content-type: application/json
  host: localhost:10101
  user-agent: python-requests/2.32.5
body: <redacted>
end request
response status: 200 OK
incoming request: POST /
headers:
  accept: */*
  accept-encoding: gzip, deflate
  connection: keep-alive
  content-length: 74113
  content-type: application/json
  host: localhost:10101
  user-agent: python-requests/2.32.5
body: <redacted>
end request
response status: 200 OK
incoming request: POST /
headers:
  accept: */*
  accept-encoding: gzip, deflate
  connection: keep-alive
  content-length: 74085
  content-type: application/json
  host: localhost:10101
  user-agent: python-requests/2.32.5
body: <redacted>
end request
response status: 200 OK
incoming request: POST /
headers:
  accept: */*
  accept-encoding: gzip, deflate
  connection: keep-alive
  content-length: 74102
  content-type: application/json
  host: localhost:10101
  user-agent: python-requests/2.32.5
body: <redacted>
end request
response status: 200 OK
incoming request: POST /
headers:
  accept: */*
  accept-encoding: gzip, deflate
  connection: keep-alive
  content-length: 74144
  content-type: application/json
  host: localhost:10101
  user-agent: python-requests/2.32.5
body: <redacted>
end request
response status: 200 OK
incoming request: POST /
headers:
  accept: */*
  accept-encoding: gzip, deflate
  connection: keep-alive
  content-length: 74122
  content-type: application/json
  host: localhost:10101
  user-agent: python-requests/2.32.5
body: <redacted>
end request
response status: 200 OK
incoming request: POST /
headers:
  accept: */*
  accept-encoding: gzip, deflate
  connection: keep-alive
  content-length: 74157
  content-type: application/json
  host: localhost:10101
  user-agent: python-requests/2.32.5
body: <redacted>
end request
response status: 200 OK
incoming request: POST /
headers:
  accept: */*
  accept-encoding: gzip, deflate
  connection: keep-alive
  content-length: 74087
  content-type: application/json
  host: localhost:10101
  user-agent: python-requests/2.32.5
body: <redacted>
end request
response status: 200 OK
incoming request: POST /
headers:
  accept: */*
  accept-encoding: gzip, deflate
  connection: keep-alive
  content-length: 74074
  content-type: application/json
  host: localhost:10101
  user-agent: python-requests/2.32.5
body: <redacted>
end request
response status: 200 OK
incoming request: POST /
headers:
  accept: */*
  accept-encoding: gzip, deflate
  connection: keep-alive
  content-length: 74136
  content-type: application/json
  host: localhost:10101
  user-agent: python-requests/2.32.5
body: <redacted>
end request
response status: 200 OK
incoming request: POST /
headers:
  accept: */*
  accept-encoding: gzip, deflate
  connection: keep-alive
  content-length: 74131
  content-type: application/json
  host: localhost:10101
  user-agent: python-requests/2.32.5
body: <redacted>
end request
response status: 200 OK
incoming request: POST /
headers:
  accept: */*
  accept-encoding: gzip, deflate
  connection: keep-alive
  content-length: 74118
  content-type: application/json
  host: localhost:10101
  user-agent: python-requests/2.32.5
body: <redacted>
end request
response status: 200 OK
incoming request: POST /
headers:
  accept: */*
  accept-encoding: gzip, deflate
  connection: keep-alive
  content-length: 74133
  content-type: application/json
  host: localhost:10101
  user-agent: python-requests/2.32.5
body: <redacted>
end request
response status: 200 OK
incoming request: POST /
headers:
  accept: */*
  accept-encoding: gzip, deflate
  connection: keep-alive
  content-length: 74143
  content-type: application/json
  host: localhost:10101
  user-agent: python-requests/2.32.5
body: <redacted>
end request
response status: 200 OK
incoming request: POST /
headers:
  accept: */*
  accept-encoding: gzip, deflate
  connection: keep-alive
  content-length: 74099
  content-type: application/json
  host: localhost:10101
  user-agent: python-requests/2.32.5
body: <redacted>
end request
response status: 200 OK
incoming request: POST /
headers:
  accept: */*
  accept-encoding: gzip, deflate
  connection: keep-alive
  content-length: 74149
  content-type: application/json
  host: localhost:10101
  user-agent: python-requests/2.32.5
body: <redacted>
end request
response status: 200 OK
incoming request: POST /
headers:
  accept: */*
  accept-encoding: gzip, deflate
  connection: keep-alive
  content-length: 74085
  content-type: application/json
  host: localhost:10101
  user-agent: python-requests/2.32.5
body: <redacted>
end request
response status: 200 OK
incoming request: POST /
headers:
  accept: */*
  accept-encoding: gzip, deflate
  connection: keep-alive
  content-length: 74010
  content-type: application/json
  host: localhost:10101
  user-agent: python-requests/2.32.5
body: <redacted>
end request
response status: 200 OK
incoming request: POST /
headers:
  accept: */*
  accept-encoding: gzip, deflate
  connection: keep-alive
  content-length: 74129
  content-type: application/json
  host: localhost:10101
  user-agent: python-requests/2.32.5
body: <redacted>
end request
response status: 200 OK
incoming request: POST /
headers:
  accept: */*
  accept-encoding: gzip, deflate
  connection: keep-alive
  content-length: 74143
  content-type: application/json
  host: localhost:10101
  user-agent: python-requests/2.32.5
body: <redacted>
end request
response status: 200 OK
incoming request: POST /
headers:
  accept: */*
  accept-encoding: gzip, deflate
  connection: keep-alive
  content-length: 74070
  content-type: application/json
  host: localhost:10101
  user-agent: python-requests/2.32.5
body: <redacted>
end request
response status: 200 OK
incoming request: POST /
headers:
  accept: */*
  accept-encoding: gzip, deflate
  connection: keep-alive
  content-length: 74138
  content-type: application/json
  host: localhost:10101
  user-agent: python-requests/2.32.5
body: <redacted>
end request
response status: 200 OK
incoming request: POST /
headers:
  accept: */*
  accept-encoding: gzip, deflate
  connection: keep-alive
  content-length: 74128
  content-type: application/json
  host: localhost:10101
  user-agent: python-requests/2.32.5
body: <redacted>
end request
response status: 200 OK
incoming request: POST /
headers:
  accept: */*
  accept-encoding: gzip, deflate
  connection: keep-alive
  content-length: 74159
  content-type: application/json
  host: localhost:10101
  user-agent: python-requests/2.32.5
body: <redacted>
end request
response status: 200 OK
incoming request: POST /
headers:
  accept: */*
  accept-encoding: gzip, deflate
  connection: keep-alive
  content-length: 74141
  content-type: application/json
  host: localhost:10101
  user-agent: python-requests/2.32.5
body: <redacted>
end request
response status: 200 OK
incoming request: POST /
headers:
  accept: */*
  accept-encoding: gzip, deflate
  connection: keep-alive
  content-length: 74102
  content-type: application/json
  host: localhost:10101
  user-agent: python-requests/2.32.5
body: <redacted>
end request
response status: 200 OK
incoming request: POST /
headers:
  accept: */*
  accept-encoding: gzip, deflate
  connection: keep-alive
  content-length: 74073
  content-type: application/json
  host: localhost:10101
  user-agent: python-requests/2.32.5
body: <redacted>
end request
response status: 200 OK
incoming request: POST /
headers:
  accept: */*
  accept-encoding: gzip, deflate
  connection: keep-alive
  content-length: 74145
  content-type: application/json
  host: localhost:10101
  user-agent: python-requests/2.32.5
body: <redacted>
end request
response status: 200 OK
incoming request: POST /
headers:
  accept: */*
  accept-encoding: gzip, deflate
  connection: keep-alive
  content-length: 74111
  content-type: application/json
  host: localhost:10101
  user-agent: python-requests/2.32.5
body: <redacted>
end request
response status: 200 OK
incoming request: POST /
headers:
  accept: */*
  accept-encoding: gzip, deflate
  connection: keep-alive
  content-length: 74076
  content-type: application/json
  host: localhost:10101
  user-agent: python-requests/2.32.5
body: <redacted>
end request
response status: 200 OK
incoming request: POST /
headers:
  accept: */*
  accept-encoding: gzip, deflate
  connection: keep-alive
  content-length: 74119
  content-type: application/json
  host: localhost:10101
  user-agent: python-requests/2.32.5
body: <redacted>
end request
response status: 200 OK
incoming request: POST /
headers:
  accept: */*
  accept-encoding: gzip, deflate
  connection: keep-alive
  content-length: 74108
  content-type: application/json
  host: localhost:10101
  user-agent: python-requests/2.32.5
body: <redacted>
end request
response status: 200 OK
incoming request: POST /
headers:
  accept: */*
  accept-encoding: gzip, deflate
  connection: keep-alive
  content-length: 74092
  content-type: application/json
  host: localhost:10101
  user-agent: python-requests/2.32.5
body: <redacted>
end request
response status: 200 OK
incoming request: POST /
headers:
  accept: */*
  accept-encoding: gzip, deflate
  connection: keep-alive
  content-length: 74082
  content-type: application/json
  host: localhost:10101
  user-agent: python-requests/2.32.5
body: <redacted>
end request
response status: 200 OK
incoming request: POST /
headers:
  accept: */*
  accept-encoding: gzip, deflate
  connection: keep-alive
  content-length: 74109
  content-type: application/json
  host: localhost:10101
  user-agent: python-requests/2.32.5
body: <redacted>
end request
response status: 200 OK
incoming request: POST /
headers:
  accept: */*
  accept-encoding: gzip, deflate
  connection: keep-alive
  content-length: 74136
  content-type: application/json
  host: localhost:10101
  user-agent: python-requests/2.32.5
body: <redacted>
end request
response status: 200 OK
incoming request: POST /
headers:
  accept: */*
  accept-encoding: gzip, deflate
  connection: keep-alive
  content-length: 74108
  content-type: application/json
  host: localhost:10101
  user-agent: python-requests/2.32.5
body: <redacted>
end request
response status: 200 OK
incoming request: POST /
headers:
  accept: */*
  accept-encoding: gzip, deflate
  connection: keep-alive
  content-length: 74132
  content-type: application/json
  host: localhost:10101
  user-agent: python-requests/2.32.5
body: <redacted>
end request
response status: 200 OK
incoming request: POST /
headers:
  accept: */*
  accept-encoding: gzip, deflate
  connection: keep-alive
  content-length: 74100
  content-type: application/json
  host: localhost:10101
  user-agent: python-requests/2.32.5
body: <redacted>
end request
response status: 200 OK
incoming request: POST /
headers:
  accept: */*
  accept-encoding: gzip, deflate
  connection: keep-alive
  content-length: 74120
  content-type: application/json
  host: localhost:10101
  user-agent: python-requests/2.32.5
body: <redacted>
end request
response status: 200 OK
incoming request: POST /
headers:
  accept: */*
  accept-encoding: gzip, deflate
  connection: keep-alive
  content-length: 74073
  content-type: application/json
  host: localhost:10101
  user-agent: python-requests/2.32.5
body: <redacted>
end request
response status: 200 OK
incoming request: POST /
headers:
  accept: */*
  accept-encoding: gzip, deflate
  connection: keep-alive
  content-length: 74167
  content-type: application/json
  host: localhost:10101
  user-agent: python-requests/2.32.5
body: <redacted>
end request
response status: 200 OK
incoming request: POST /
headers:
  accept: */*
  accept-encoding: gzip, deflate
  connection: keep-alive
  content-length: 74120
  content-type: application/json
  host: localhost:10101
  user-agent: python-requests/2.32.5
body: <redacted>
end request
response status: 200 OK
incoming request: POST /
headers:
  accept: */*
  accept-encoding: gzip, deflate
  connection: keep-alive
  content-length: 74113
  content-type: application/json
  host: localhost:10101
  user-agent: python-requests/2.32.5
body: <redacted>
end request
response status: 200 OK
incoming request: POST /
headers:
  accept: */*
  accept-encoding: gzip, deflate
  connection: keep-alive
  content-length: 74089
  content-type: application/json
  host: localhost:10101
  user-agent: python-requests/2.32.5
body: <redacted>
end request
response status: 200 OK
incoming request: POST /
headers:
  accept: */*
  accept-encoding: gzip, deflate
  connection: keep-alive
  content-length: 74147
  content-type: application/json
  host: localhost:10101
  user-agent: python-requests/2.32.5
body: <redacted>
end request
response status: 200 OK
incoming request: POST /
headers:
  accept: */*
  accept-encoding: gzip, deflate
  connection: keep-alive
  content-length: 74120
  content-type: application/json
  host: localhost:10101
  user-agent: python-requests/2.32.5
body: <redacted>
end request
response status: 200 OK
incoming request: POST /
headers:
  accept: */*
  accept-encoding: gzip, deflate
  connection: keep-alive
  content-length: 74110
  content-type: application/json
  host: localhost:10101
  user-agent: python-requests/2.32.5
body: <redacted>
end request
response status: 200 OK
incoming request: POST /
headers:
  accept: */*
  accept-encoding: gzip, deflate
  connection: keep-alive
  content-length: 74115
  content-type: application/json
  host: localhost:10101
  user-agent: python-requests/2.32.5
body: <redacted>
end request
response status: 200 OK
incoming request: POST /
headers:
  accept: */*
  accept-encoding: gzip, deflate
  connection: keep-alive
  content-length: 74122
  content-type: application/json
  host: localhost:10101
  user-agent: python-requests/2.32.5
body: <redacted>
end request
response status: 200 OK
incoming request: POST /
headers:
  accept: */*
  accept-encoding: gzip, deflate
  connection: keep-alive
  content-length: 74121
  content-type: application/json
  host: localhost:10101
  user-agent: python-requests/2.32.5
body: <redacted>
end request
response status: 200 OK
incoming request: POST /
headers:
  accept: */*
  accept-encoding: gzip, deflate
  connection: keep-alive
  content-length: 74135
  content-type: application/json
  host: localhost:10101
  user-agent: python-requests/2.32.5
body: <redacted>
end request
response status: 200 OK
incoming request: POST /
headers:
  accept: */*
  accept-encoding: gzip, deflate
  connection: keep-alive
  content-length: 74154
  content-type: application/json
  host: localhost:10101
  user-agent: python-requests/2.32.5
body: <redacted>
end request
response status: 200 OK
incoming request: POST /
headers:
  accept: */*
  accept-encoding: gzip, deflate
  connection: keep-alive
  content-length: 74062
  content-type: application/json
  host: localhost:10101
  user-agent: python-requests/2.32.5
body: <redacted>
end request
response status: 200 OK
incoming request: POST /
headers:
  accept: */*
  accept-encoding: gzip, deflate
  connection: keep-alive
  content-length: 74086
  content-type: application/json
  host: localhost:10101
  user-agent: python-requests/2.32.5
body: <redacted>
end request
response status: 200 OK
incoming request: POST /
headers:
  accept: */*
  accept-encoding: gzip, deflate
  connection: keep-alive
  content-length: 74106
  content-type: application/json
  host: localhost:10101
  user-agent: python-requests/2.32.5
body: <redacted>
end request
response status: 200 OK
incoming request: POST /
headers:
  accept: */*
  accept-encoding: gzip, deflate
  connection: keep-alive
  content-length: 74124
  content-type: application/json
  host: localhost:10101
  user-agent: python-requests/2.32.5
body: <redacted>
end request
response status: 200 OK
incoming request: POST /
headers:
  accept: */*
  accept-encoding: gzip, deflate
  connection: keep-alive
  content-length: 74123
  content-type: application/json
  host: localhost:10101
  user-agent: python-requests/2.32.5
body: <redacted>
end request
response status: 200 OK
incoming request: POST /
headers:
  accept: */*
  accept-encoding: gzip, deflate
  connection: keep-alive
  content-length: 74098
  content-type: application/json
  host: localhost:10101
  user-agent: python-requests/2.32.5
body: <redacted>
end request
response status: 200 OK
incoming request: POST /
headers:
  accept: */*
  accept-encoding: gzip, deflate
  connection: keep-alive
  content-length: 74078
  content-type: application/json
  host: localhost:10101
  user-agent: python-requests/2.32.5
body: <redacted>
end request
response status: 200 OK
incoming request: POST /
headers:
  accept: */*
  accept-encoding: gzip, deflate
  connection: keep-alive
  content-length: 74086
  content-type: application/json
  host: localhost:10101
  user-agent: python-requests/2.32.5
body: <redacted>
end request
response status: 200 OK
incoming request: POST /
headers:
  accept: */*
  accept-encoding: gzip, deflate
  connection: keep-alive
  content-length: 74124
  content-type: application/json
  host: localhost:10101
  user-agent: python-requests/2.32.5
body: <redacted>
end request
response status: 200 OK
incoming request: POST /
headers:
  accept: */*
  accept-encoding: gzip, deflate
  connection: keep-alive
  content-length: 74091
  content-type: application/json
  host: localhost:10101
  user-agent: python-requests/2.32.5
body: <redacted>
end request
response status: 200 OK
incoming request: POST /
headers:
  accept: */*
  accept-encoding: gzip, deflate
  connection: keep-alive
  content-length: 74115
  content-type: application/json
  host: localhost:10101
  user-agent: python-requests/2.32.5
body: <redacted>
end request
response status: 200 OK
incoming request: POST /
headers:
  accept: */*
  accept-encoding: gzip, deflate
  connection: keep-alive
  content-length: 74086
  content-type: application/json
  host: localhost:10101
  user-agent: python-requests/2.32.5
body: <redacted>
end request
response status: 200 OK
incoming request: POST /
headers:
  accept: */*
  accept-encoding: gzip, deflate
  connection: keep-alive
  content-length: 74171
  content-type: application/json
  host: localhost:10101
  user-agent: python-requests/2.32.5
body: <redacted>
end request
response status: 200 OK
incoming request: POST /
headers:
  accept: */*
  accept-encoding: gzip, deflate
  connection: keep-alive
  content-length: 74146
  content-type: application/json
  host: localhost:10101
  user-agent: python-requests/2.32.5
body: <redacted>
end request
response status: 200 OK
incoming request: POST /
headers:
  accept: */*
  accept-encoding: gzip, deflate
  connection: keep-alive
  content-length: 74182
  content-type: application/json
  host: localhost:10101
  user-agent: python-requests/2.32.5
body: <redacted>
end request
response status: 200 OK
incoming request: POST /
headers:
  accept: */*
  accept-encoding: gzip, deflate
  connection: keep-alive
  content-length: 74147
  content-type: application/json
  host: localhost:10101
  user-agent: python-requests/2.32.5
body: <redacted>
end request
response status: 200 OK
incoming request: POST /
headers:
  accept: */*
  accept-encoding: gzip, deflate
  connection: keep-alive
  content-length: 74116
  content-type: application/json
  host: localhost:10101
  user-agent: python-requests/2.32.5
body: <redacted>
end request
response status: 200 OK
incoming request: POST /
headers:
  accept: */*
  accept-encoding: gzip, deflate
  connection: keep-alive
  content-length: 74108
  content-type: application/json
  host: localhost:10101
  user-agent: python-requests/2.32.5
body: <redacted>
end request
response status: 200 OK
incoming request: POST /
headers:
  accept: */*
  accept-encoding: gzip, deflate
  connection: keep-alive
  content-length: 74090
  content-type: application/json
  host: localhost:10101
  user-agent: python-requests/2.32.5
body: <redacted>
end request
response status: 200 OK
incoming request: POST /
headers:
  accept: */*
  accept-encoding: gzip, deflate
  connection: keep-alive
  content-length: 74102
  content-type: application/json
  host: localhost:10101
  user-agent: python-requests/2.32.5
body: <redacted>
end request
response status: 200 OK
incoming request: POST /
headers:
  accept: */*
  accept-encoding: gzip, deflate
  connection: keep-alive
  content-length: 74090
  content-type: application/json
  host: localhost:10101
  user-agent: python-requests/2.32.5
body: <redacted>
end request
response status: 200 OK
incoming request: POST /
headers:
  accept: */*
  accept-encoding: gzip, deflate
  connection: keep-alive
  content-length: 74128
  content-type: application/json
  host: localhost:10101
  user-agent: python-requests/2.32.5
body: <redacted>
end request
response status: 200 OK
incoming request: POST /
headers:
  accept: */*
  accept-encoding: gzip, deflate
  connection: keep-alive
  content-length: 74131
  content-type: application/json
  host: localhost:10101
  user-agent: python-requests/2.32.5
body: <redacted>
end request
response status: 200 OK
incoming request: POST /
headers:
  accept: */*
  accept-encoding: gzip, deflate
  connection: keep-alive
  content-length: 74163
  content-type: application/json
  host: localhost:10101
  user-agent: python-requests/2.32.5
body: <redacted>
end request
response status: 200 OK
incoming request: POST /
headers:
  accept: */*
  accept-encoding: gzip, deflate
  connection: keep-alive
  content-length: 74080
  content-type: application/json
  host: localhost:10101
  user-agent: python-requests/2.32.5
body: <redacted>
end request
response status: 200 OK
incoming request: POST /
headers:
  accept: */*
  accept-encoding: gzip, deflate
  connection: keep-alive
  content-length: 74122
  content-type: application/json
  host: localhost:10101
  user-agent: python-requests/2.32.5
body: <redacted>
end request
response status: 200 OK
incoming request: POST /
headers:
  accept: */*
  accept-encoding: gzip, deflate
  connection: keep-alive
  content-length: 74081
  content-type: application/json
  host: localhost:10101
  user-agent: python-requests/2.32.5
body: <redacted>
end request
response status: 200 OK
incoming request: POST /
headers:
  accept: */*
  accept-encoding: gzip, deflate
  connection: keep-alive
  content-length: 74142
  content-type: application/json
  host: localhost:10101
  user-agent: python-requests/2.32.5
body: <redacted>
end request
response status: 200 OK
incoming request: POST /
headers:
  accept: */*
  accept-encoding: gzip, deflate
  connection: keep-alive
  content-length: 74136
  content-type: application/json
  host: localhost:10101
  user-agent: python-requests/2.32.5
body: <redacted>
end request
response status: 200 OK
incoming request: POST /
headers:
  accept: */*
  accept-encoding: gzip, deflate
  connection: keep-alive
  content-length: 74115
  content-type: application/json
  host: localhost:10101
  user-agent: python-requests/2.32.5
body: <redacted>
end request
response status: 200 OK
incoming request: POST /
headers:
  accept: */*
  accept-encoding: gzip, deflate
  connection: keep-alive
  content-length: 74047
  content-type: application/json
  host: localhost:10101
  user-agent: python-requests/2.32.5
body: <redacted>
end request
response status: 200 OK
incoming request: POST /
headers:
  accept: */*
  accept-encoding: gzip, deflate
  connection: keep-alive
  content-length: 74093
  content-type: application/json
  host: localhost:10101
  user-agent: python-requests/2.32.5
body: <redacted>
end request
response status: 200 OK
incoming request: POST /
headers:
  accept: */*
  accept-encoding: gzip, deflate
  connection: keep-alive
  content-length: 74063
  content-type: application/json
  host: localhost:10101
  user-agent: python-requests/2.32.5
body: <redacted>
end request
response status: 200 OK
incoming request: POST /
headers:
  accept: */*
  accept-encoding: gzip, deflate
  connection: keep-alive
  content-length: 74138
  content-type: application/json
  host: localhost:10101
  user-agent: python-requests/2.32.5
body: <redacted>
end request
response status: 200 OK
incoming request: POST /
headers:
  accept: */*
  accept-encoding: gzip, deflate
  connection: keep-alive
  content-length: 74207
  content-type: application/json
  host: localhost:10101
  user-agent: python-requests/2.32.5
body: <redacted>
end request
response status: 200 OK
incoming request: POST /
headers:
  accept: */*
  accept-encoding: gzip, deflate
  connection: keep-alive
  content-length: 74090
  content-type: application/json
  host: localhost:10101
  user-agent: python-requests/2.32.5
body: <redacted>
end request
response status: 200 OK
incoming request: POST /
headers:
  accept: */*
  accept-encoding: gzip, deflate
  connection: keep-alive
  content-length: 74149
  content-type: application/json
  host: localhost:10101
  user-agent: python-requests/2.32.5
body: <redacted>
end request
response status: 200 OK
incoming request: POST /
headers:
  accept: */*
  accept-encoding: gzip, deflate
  connection: keep-alive
  content-length: 74092
  content-type: application/json
  host: localhost:10101
  user-agent: python-requests/2.32.5
body: <redacted>
end request
response status: 200 OK
incoming request: POST /
headers:
  accept: */*
  accept-encoding: gzip, deflate
  connection: keep-alive
  content-length: 74143
  content-type: application/json
  host: localhost:10101
  user-agent: python-requests/2.32.5
body: <redacted>
end request
response status: 200 OK
incoming request: POST /
headers:
  accept: */*
  accept-encoding: gzip, deflate
  connection: keep-alive
  content-length: 74122
  content-type: application/json
  host: localhost:10101
  user-agent: python-requests/2.32.5
body: <redacted>
end request
response status: 200 OK
incoming request: POST /
headers:
  accept: */*
  accept-encoding: gzip, deflate
  connection: keep-alive
  content-length: 74139
  content-type: application/json
  host: localhost:10101
  user-agent: python-requests/2.32.5
body: <redacted>
end request
response status: 200 OK
incoming request: POST /
headers:
  accept: */*
  accept-encoding: gzip, deflate
  connection: keep-alive
  content-length: 74075
  content-type: application/json
  host: localhost:10101
  user-agent: python-requests/2.32.5
body: <redacted>
end request
response status: 200 OK
incoming request: POST /
headers:
  accept: */*
  accept-encoding: gzip, deflate
  connection: keep-alive
  content-length: 74154
  content-type: application/json
  host: localhost:10101
  user-agent: python-requests/2.32.5
body: <redacted>
end request
response status: 200 OK
incoming request: POST /
headers:
  accept: */*
  accept-encoding: gzip, deflate
  connection: keep-alive
  content-length: 74127
  content-type: application/json
  host: localhost:10101
  user-agent: python-requests/2.32.5
body: <redacted>
end request
response status: 200 OK
incoming request: POST /
headers:
  accept: */*
  accept-encoding: gzip, deflate
  connection: keep-alive
  content-length: 74110
  content-type: application/json
  host: localhost:10101
  user-agent: python-requests/2.32.5
body: <redacted>
end request
response status: 200 OK
incoming request: POST /
headers:
  accept: */*
  accept-encoding: gzip, deflate
  connection: keep-alive
  content-length: 74096
  content-type: application/json
  host: localhost:10101
  user-agent: python-requests/2.32.5
body: <redacted>
end request
response status: 200 OK
incoming request: POST /
headers:
  accept: */*
  accept-encoding: gzip, deflate
  connection: keep-alive
  content-length: 74141
  content-type: application/json
  host: localhost:10101
  user-agent: python-requests/2.32.5
body: <redacted>
end request
response status: 200 OK
incoming request: POST /
headers:
  accept: */*
  accept-encoding: gzip, deflate
  connection: keep-alive
  content-length: 74152
  content-type: application/json
  host: localhost:10101
  user-agent: python-requests/2.32.5
body: <redacted>
end request
response status: 200 OK
incoming request: POST /
headers:
  accept: */*
  accept-encoding: gzip, deflate
  connection: keep-alive
  content-length: 74120
  content-type: application/json
  host: localhost:10101
  user-agent: python-requests/2.32.5
body: <redacted>
end request
response status: 200 OK
incoming request: POST /
headers:
  accept: */*
  accept-encoding: gzip, deflate
  connection: keep-alive
  content-length: 74157
  content-type: application/json
  host: localhost:10101
  user-agent: python-requests/2.32.5
body: <redacted>
end request
response status: 200 OK
incoming request: POST /
headers:
  accept: */*
  accept-encoding: gzip, deflate
  connection: keep-alive
  content-length: 74096
  content-type: application/json
  host: localhost:10101
  user-agent: python-requests/2.32.5
body: <redacted>
end request
response status: 200 OK
incoming request: POST /
headers:
  accept: */*
  accept-encoding: gzip, deflate
  connection: keep-alive
  content-length: 74081
  content-type: application/json
  host: localhost:10101
  user-agent: python-requests/2.32.5
body: <redacted>
end request
response status: 200 OK
incoming request: POST /
headers:
  accept: */*
  accept-encoding: gzip, deflate
  connection: keep-alive
  content-length: 74125
  content-type: application/json
  host: localhost:10101
  user-agent: python-requests/2.32.5
body: <redacted>
end request
response status: 200 OK
incoming request: POST /
headers:
  accept: */*
  accept-encoding: gzip, deflate
  connection: keep-alive
  content-length: 74084
  content-type: application/json
  host: localhost:10101
  user-agent: python-requests/2.32.5
body: <redacted>
end request
response status: 200 OK
incoming request: POST /
headers:
  accept: */*
  accept-encoding: gzip, deflate
  connection: keep-alive
  content-length: 74175
  content-type: application/json
  host: localhost:10101
  user-agent: python-requests/2.32.5
body: <redacted>
end request
response status: 200 OK
incoming request: POST /
headers:
  accept: */*
  accept-encoding: gzip, deflate
  connection: keep-alive
  content-length: 74129
  content-type: application/json
  host: localhost:10101
  user-agent: python-requests/2.32.5
body: <redacted>
end request
response status: 200 OK
incoming request: POST /
headers:
  accept: */*
  accept-encoding: gzip, deflate
  connection: keep-alive
  content-length: 74161
  content-type: application/json
  host: localhost:10101
  user-agent: python-requests/2.32.5
body: <redacted>
end request
response status: 200 OK
incoming request: POST /
headers:
  accept: */*
  accept-encoding: gzip, deflate
  connection: keep-alive
  content-length: 74113
  content-type: application/json
  host: localhost:10101
  user-agent: python-requests/2.32.5
body: <redacted>
end request
response status: 200 OK
incoming request: POST /
headers:
  accept: */*
  accept-encoding: gzip, deflate
  connection: keep-alive
  content-length: 74100
  content-type: application/json
  host: localhost:10101
  user-agent: python-requests/2.32.5
body: <redacted>
end request
response status: 200 OK
incoming request: POST /
headers:
  accept: */*
  accept-encoding: gzip, deflate
  connection: keep-alive
  content-length: 74053
  content-type: application/json
  host: localhost:10101
  user-agent: python-requests/2.32.5
body: <redacted>
end request
response status: 200 OK
incoming request: POST /
headers:
  accept: */*
  accept-encoding: gzip, deflate
  connection: keep-alive
  content-length: 74103
  content-type: application/json
  host: localhost:10101
  user-agent: python-requests/2.32.5
body: <redacted>
end request
response status: 200 OK
incoming request: POST /
headers:
  accept: */*
  accept-encoding: gzip, deflate
  connection: keep-alive
  content-length: 74113
  content-type: application/json
  host: localhost:10101
  user-agent: python-requests/2.32.5
body: <redacted>
end request
response status: 200 OK
incoming request: POST /
headers:
  accept: */*
  accept-encoding: gzip, deflate
  connection: keep-alive
  content-length: 74144
  content-type: application/json
  host: localhost:10101
  user-agent: python-requests/2.32.5
body: <redacted>
end request
response status: 200 OK
incoming request: POST /
headers:
  accept: */*
  accept-encoding: gzip, deflate
  connection: keep-alive
  content-length: 74071
  content-type: application/json
  host: localhost:10101
  user-agent: python-requests/2.32.5
body: <redacted>
end request
response status: 200 OK
incoming request: POST /
headers:
  accept: */*
  accept-encoding: gzip, deflate
  connection: keep-alive
  content-length: 74041
  content-type: application/json
  host: localhost:10101
  user-agent: python-requests/2.32.5
body: <redacted>
end request
response status: 200 OK
incoming request: POST /
headers:
  accept: */*
  accept-encoding: gzip, deflate
  connection: keep-alive
  content-length: 74111
  content-type: application/json
  host: localhost:10101
  user-agent: python-requests/2.32.5
body: <redacted>
end request
response status: 200 OK
incoming request: POST /
headers:
  accept: */*
  accept-encoding: gzip, deflate
  connection: keep-alive
  content-length: 74033
  content-type: application/json
  host: localhost:10101
  user-agent: python-requests/2.32.5
body: <redacted>
end request
response status: 200 OK
incoming request: POST /
headers:
  accept: */*
  accept-encoding: gzip, deflate
  connection: keep-alive
  content-length: 74072
  content-type: application/json
  host: localhost:10101
  user-agent: python-requests/2.32.5
body: <redacted>
end request
response status: 200 OK
incoming request: POST /
headers:
  accept: */*
  accept-encoding: gzip, deflate
  connection: keep-alive
  content-length: 74106
  content-type: application/json
  host: localhost:10101
  user-agent: python-requests/2.32.5
body: <redacted>
end request
response status: 200 OK
incoming request: POST /
headers:
  accept: */*
  accept-encoding: gzip, deflate
  connection: keep-alive
  content-length: 74107
  content-type: application/json
  host: localhost:10101
  user-agent: python-requests/2.32.5
body: <redacted>
end request
response status: 200 OK
incoming request: POST /
headers:
  accept: */*
  accept-encoding: gzip, deflate
  connection: keep-alive
  content-length: 74095
  content-type: application/json
  host: localhost:10101
  user-agent: python-requests/2.32.5
body: <redacted>
end request
response status: 200 OK
incoming request: POST /
headers:
  accept: */*
  accept-encoding: gzip, deflate
  connection: keep-alive
  content-length: 74141
  content-type: application/json
  host: localhost:10101
  user-agent: python-requests/2.32.5
body: <redacted>
end request
