warning: fields `epoch_field`, `task_field`, and `metric_fields` are never read
  --> src/config.rs:92:9
   |
90 | pub struct IngestFieldMapping {
   |            ------------------ fields in this struct
91 |     pub key_field: String,
92 |     pub epoch_field: String,
   |         ^^^^^^^^^^^
93 |     pub task_field: Option<String>,
   |         ^^^^^^^^^^
94 |     pub metric_fields: HashMap<String, String>,
   |         ^^^^^^^^^^^^^
   |
   = note: `IngestFieldMapping` has derived impls for the traits `Debug` and `Clone`, but these are intentionally ignored during dead code analysis
   = note: `#[warn(dead_code)]` (part of `#[warn(unused)]`) on by default

warning: method `contains` is never used
  --> src/metrics/store.rs:13:8
   |
11 | pub trait KeyCatalog: Send + Sync {
   |           ---------- method in this trait
12 |     fn keys(&self) -> Vec<String>;
13 |     fn contains(&self, key: &str) -> bool;
   |        ^^^^^^^^

warning: associated items `from_spec` and `as_storage_field` are never used
  --> src/metrics/util.rs:9:12
   |
 8 | impl MetricField {
   | ---------------- associated items in this implementation
 9 |     pub fn from_spec(spec: &str) -> Option<Self> {
   |            ^^^^^^^^^
...
32 |     pub fn as_storage_field(&self) -> &'static str {
   |            ^^^^^^^^^^^^^^^^

warning: `network-control-server` (bin "network-control-server") generated 3 warnings
    Finished `dev` profile [unoptimized + debuginfo] target(s) in 0.16s
     Running `target/debug/network-control-server`
resolved config: bind=0.0.0.0:10101 index=cluster-metrics upstream_mode=fallback timing=false
startup complete in 113.94ms
server listening on 0.0.0.0:10101
received SIGTERM, shutting down
warning: method `contains` is never used
  --> src/metrics/store.rs:13:8
   |
11 | pub trait KeyCatalog: Send + Sync {
   |           ---------- method in this trait
12 |     fn keys(&self) -> Vec<String>;
13 |     fn contains(&self, key: &str) -> bool;
   |        ^^^^^^^^
   |
   = note: `#[warn(dead_code)]` (part of `#[warn(unused)]`) on by default

warning: `network-control-server` (bin "network-control-server") generated 1 warning
    Finished `dev` profile [unoptimized + debuginfo] target(s) in 0.15s
     Running `target/debug/network-control-server`
resolved config: bind=0.0.0.0:10101 index=cluster-metrics upstream_mode=fallback timing=false
startup complete in 113.33ms
server listening on 0.0.0.0:10101
received SIGTERM, shutting down
